info it worked if it ends with ok
verbose cli [ 'node', '/usr/bin/npm', 'install', 'http' ]
info using npm@1.1.1
info using node@v0.6.11
verbose /usr/bin/node node symlink
verbose config file /home/stephan/.npmrc
verbose config file /usr/etc/npmrc
verbose config file /usr/lib/node_modules/npm/npmrc
verbose caching /home/stephan/Dropbox/Work/nodes/thesun01/package.json
verbose loadDefaults TheSun01@0.0.0
verbose caching /home/stephan/Dropbox/Work/nodes/thesun01/node_modules/async/package.json
verbose loadDefaults async@0.1.16
verbose caching /home/stephan/Dropbox/Work/nodes/thesun01/node_modules/domready/package.json
verbose loadDefaults domready@0.2.11
verbose caching /home/stephan/Dropbox/Work/nodes/thesun01/node_modules/underscore/package.json
verbose loadDefaults underscore@1.3.1
verbose caching /home/stephan/Dropbox/Work/nodes/thesun01/node_modules/step/package.json
verbose loadDefaults step@0.0.5
verbose caching /home/stephan/Dropbox/Work/nodes/thesun01/node_modules/jade/package.json
verbose loadDefaults jade@0.20.3
verbose caching /home/stephan/Dropbox/Work/nodes/thesun01/node_modules/now/package.json
verbose loadDefaults now@0.8.1
verbose caching /home/stephan/Dropbox/Work/nodes/thesun01/node_modules/ender-js/package.json
verbose loadDefaults ender-js@0.3.6
verbose caching /home/stephan/Dropbox/Work/nodes/thesun01/node_modules/request/package.json
verbose loadDefaults request@2.9.100
verbose caching /home/stephan/Dropbox/Work/nodes/thesun01/node_modules/qwery/package.json
verbose loadDefaults qwery@3.3.3
verbose caching /home/stephan/Dropbox/Work/nodes/thesun01/node_modules/mongoose/package.json
verbose loadDefaults mongoose@2.5.8
verbose caching /home/stephan/Dropbox/Work/nodes/thesun01/node_modules/xml2js/package.json
verbose loadDefaults xml2js@0.1.13
WARN moment@1.4.0 devDependencies field should be hash of <name>:<version-range> pairs
verbose caching /home/stephan/Dropbox/Work/nodes/thesun01/node_modules/moment/package.json
verbose loadDefaults moment@1.4.0
WARN eyes@0.1.7 dependencies field should be hash of <name>:<version-range> pairs
verbose caching /home/stephan/Dropbox/Work/nodes/thesun01/node_modules/eyes/package.json
verbose loadDefaults eyes@0.1.7
verbose caching /home/stephan/Dropbox/Work/nodes/thesun01/node_modules/redis/package.json
verbose loadDefaults redis@0.7.1
verbose caching /home/stephan/Dropbox/Work/nodes/thesun01/node_modules/less/package.json
verbose loadDefaults less@1.2.2
verbose caching /home/stephan/Dropbox/Work/nodes/thesun01/node_modules/connect/package.json
verbose loadDefaults connect@1.8.5
verbose caching /home/stephan/Dropbox/Work/nodes/thesun01/node_modules/express/package.json
verbose loadDefaults express@2.5.8
verbose from cache /home/stephan/Dropbox/Work/nodes/thesun01/package.json
verbose cache add [ 'http', null ]
silly cache add: name, spec, args [ undefined, 'http', [ 'http', null ] ]
verbose parsed url { pathname: 'http', path: 'http', href: 'http' }
verbose addNamed [ 'http', '' ]
verbose addNamed [ null, '' ]
silly name, range, hasData [ 'http', '', false ]
verbose raw, before any munging http
verbose url resolving [ 'https://registry.npmjs.org/', './http' ]
verbose url resolved https://registry.npmjs.org/http
http GET https://registry.npmjs.org/http
http 404 https://registry.npmjs.org/http
silly get cb [ 404,
silly get cb   { server: 'CouchDB/1.1.0 (Erlang OTP/R14B04)',
silly get cb     date: 'Wed, 22 Feb 2012 19:13:43 GMT',
silly get cb     'content-type': 'application/json',
silly get cb     'content-length': '52',
silly get cb     'cache-control': 'must-revalidate' } ]
ERR! 404 'http' is not in the npm registry.
ERR! 404 You should bug the author to publish it
ERR! 404 Note that you can also install from a
ERR! 404 tarball, folder, or http url, or git url.
ERR! 
ERR! System Linux 3.0.0-16-generic-pae
ERR! command "node" "/usr/bin/npm" "install" "http"
ERR! cwd /home/stephan/Dropbox/Work/nodes/thesun01
ERR! node -v v0.6.11
ERR! npm -v 1.1.1
ERR! code E404
ERR! message 404 Not Found: http
ERR! errno {}
verbose exit [ 1, true ]
