# project noname (1.1.0) configured on Wed Apr  4 15:26:54 2012 by
# waf 1.5.16 (abi 7, python 20702f0 on linux2)
# using /usr/bin/node-waf configure build
#

----------------------------------------
Checking for program g++ or c++
  find program=['g++', 'c++'] paths=[] var='CXX'
  -> '/usr/bin/g++'

----------------------------------------
Checking for program cpp
  find program=['cpp'] paths=[] var='CPP'
  -> '/usr/bin/cpp'

----------------------------------------
Checking for program ar
  find program=['ar'] paths=[] var='AR'
  -> '/usr/bin/ar'

----------------------------------------
Checking for program ranlib
  find program=['ranlib'] paths=[] var='RANLIB'
  -> '/usr/bin/ranlib'

----------------------------------------
Checking for g++ 
ok 

----------------------------------------
Checking for node path 
not found

----------------------------------------
Checking for node prefix 
ok /usr

----------------------------------------
Checking for header expat.h
==>
#include <expat.h>

int main() {
	return 0;
}

<==
[1/2] [32mcxx: build/.conf_check_0/test.cpp -> build/.conf_check_0/testbuild/Release/test_1.o
[0m../test.cpp:1:19: fatal error: expat.h: No such file or directory
compilation terminated.
['/usr/bin/g++', '-g', '../test.cpp', '-c', '-o', 'Release/test_1.o']
command returned 'Build failed:  -> task failed (err #1): \n\t{task: cxx test.cpp -> test_1.o}'not installed
